<?xml version="1.0" encoding="UTF-8"?>
<!-- Generated by org.testng.reporters.JUnitXMLReporter -->
<testsuite hostname="DESKTOP-J0I66R3" ignored="0" name="Command line test" tests="6" failures="0" timestamp="2020-05-23T11:36:54 IST" time="0.094" errors="0">
  <testcase name="name1" time="0.008" classname="MavenTest.AppiumTest"/>
  <testcase name="name2" time="0.0" classname="MavenTest.AppiumTest"/>
  <testcase name="name1" time="0.0" classname="MavenTest.RestAPITest"/>
  <testcase name="name2" time="0.0" classname="MavenTest.RestAPITest"/>
  <testcase name="name1" time="0.001" classname="MavenTest.SeleniumTest"/>
  <testcase name="name2" time="0.001" classname="MavenTest.SeleniumTest"/>
</testsuite> <!-- Command line test -->
