<?xml version="1.0" encoding="UTF-8"?>
<testng-results skipped="0" failed="0" ignored="0" total="6" passed="6">
  <reporter-output>
  </reporter-output>
  <suite name="Command line suite" duration-ms="94" started-at="2020-05-23T11:36:54 IST" finished-at="2020-05-23T11:36:54 IST">
    <groups>
    </groups>
    <test name="Command line test" duration-ms="94" started-at="2020-05-23T11:36:54 IST" finished-at="2020-05-23T11:36:54 IST">
      <class name="MavenTest.SeleniumTest">
        <test-method status="PASS" signature="name1()[pri:0, instance:MavenTest.SeleniumTest@731a74c]" name="name1" duration-ms="1" started-at="2020-05-23T11:36:54 IST" finished-at="2020-05-23T11:36:54 IST">
          <reporter-output>
          </reporter-output>
        </test-method> <!-- name1 -->
        <test-method status="PASS" signature="name2()[pri:0, instance:MavenTest.SeleniumTest@731a74c]" name="name2" duration-ms="1" started-at="2020-05-23T11:36:54 IST" finished-at="2020-05-23T11:36:54 IST">
          <reporter-output>
          </reporter-output>
        </test-method> <!-- name2 -->
      </class> <!-- MavenTest.SeleniumTest -->
      <class name="MavenTest.AppiumTest">
        <test-method status="PASS" signature="name1()[pri:0, instance:MavenTest.AppiumTest@5a8e6209]" name="name1" duration-ms="8" started-at="2020-05-23T11:36:54 IST" finished-at="2020-05-23T11:36:54 IST">
          <reporter-output>
          </reporter-output>
        </test-method> <!-- name1 -->
        <test-method status="PASS" signature="name2()[pri:0, instance:MavenTest.AppiumTest@5a8e6209]" name="name2" duration-ms="0" started-at="2020-05-23T11:36:54 IST" finished-at="2020-05-23T11:36:54 IST">
          <reporter-output>
          </reporter-output>
        </test-method> <!-- name2 -->
      </class> <!-- MavenTest.AppiumTest -->
      <class name="MavenTest.RestAPITest">
        <test-method status="PASS" signature="name1()[pri:0, instance:MavenTest.RestAPITest@4b4523f8]" name="name1" duration-ms="0" started-at="2020-05-23T11:36:54 IST" finished-at="2020-05-23T11:36:54 IST">
          <reporter-output>
          </reporter-output>
        </test-method> <!-- name1 -->
        <test-method status="PASS" signature="name2()[pri:0, instance:MavenTest.RestAPITest@4b4523f8]" name="name2" duration-ms="0" started-at="2020-05-23T11:36:54 IST" finished-at="2020-05-23T11:36:54 IST">
          <reporter-output>
          </reporter-output>
        </test-method> <!-- name2 -->
      </class> <!-- MavenTest.RestAPITest -->
    </test> <!-- Command line test -->
  </suite> <!-- Command line suite -->
</testng-results>
